<?xml version="1.0" encoding="utf-8"?><testsuites name="pytest tests"><testsuite name="pytest" errors="0" failures="0" skipped="0" tests="1" time="2.377" timestamp="2025-09-30T08:00:08.254461-06:00" hostname="Marks-MacBook-Pro-8.local"><testcase classname="tests.test_expert_validation_service.TestExpertValidationService" name="test_submit_expert_review" time="0.003" /></testsuite></testsuites>